<?xml version="1.0" encoding="UTF-8"?>
<testsuite name="DiffieHellmanTest" tests="6" skipped="0" failures="0" errors="0" timestamp="2018-08-09T10:35:51" hostname="MacBook-Pro-7.local" time="0.012">
  <properties/>
  <testcase name="testExchange" classname="DiffieHellmanTest" time="0.002"/>
  <testcase name="testPrivateKeyInRange" classname="DiffieHellmanTest" time="0.0"/>
  <testcase name="testPublicKeyCorrectlyCalculated" classname="DiffieHellmanTest" time="0.0"/>
  <testcase name="testPrivateKeyRandomlyGenerated" classname="DiffieHellmanTest" time="0.0"/>
  <testcase name="testSecretKeyCorrectlyCalculatedWhenUsingLargePrimes" classname="DiffieHellmanTest" time="0.008"/>
  <testcase name="testSecretKeyCorrectlyCalculated" classname="DiffieHellmanTest" time="0.0"/>
  <system-out><![CDATA[]]></system-out>
  <system-err><![CDATA[]]></system-err>
</testsuite>
